2018-10-18 18:15:41.128 [restartedMain] INFO  com.felix.springbootdemo.SpringBootDemoApplication - Starting SpringBootDemoApplication on felix with PID 29990 (/home/felix/work/spring-boot-demo/target/classes started by felix in /home/felix/work/spring-boot-demo)
2018-10-18 18:15:41.131 [restartedMain] INFO  com.felix.springbootdemo.SpringBootDemoApplication - The following profiles are active: gs
2018-10-18 18:15:41.177 [restartedMain] INFO  o.s.b.d.env.DevToolsPropertyDefaultsPostProcessor - Devtools property defaults active! Set 'spring.devtools.add-properties' to 'false' to disable
2018-10-18 18:15:41.177 [restartedMain] INFO  o.s.b.d.env.DevToolsPropertyDefaultsPostProcessor - For additional web related logging consider setting the 'logging.level.web' property to 'DEBUG'
2018-10-18 18:15:42.214 [restartedMain] INFO  o.s.d.r.config.RepositoryConfigurationDelegate - Multiple Spring Data modules found, entering strict repository configuration mode!
2018-10-18 18:15:42.216 [restartedMain] INFO  o.s.d.r.config.RepositoryConfigurationDelegate - Bootstrapping Spring Data repositories in DEFAULT mode.
2018-10-18 18:15:42.244 [restartedMain] INFO  o.s.d.r.config.RepositoryConfigurationDelegate - Finished Spring Data repository scanning in 15ms. Found 0 repository interfaces.
2018-10-18 18:15:42.578 [restartedMain] INFO  o.s.c.s.PostProcessorRegistrationDelegate$BeanPostProcessorChecker - Bean 'org.springframework.amqp.rabbit.annotation.RabbitBootstrapConfiguration' of type [org.springframework.amqp.rabbit.annotation.RabbitBootstrapConfiguration$$EnhancerBySpringCGLIB$$cdfa86a1] is not eligible for getting processed by all BeanPostProcessors (for example: not eligible for auto-proxying)
2018-10-18 18:15:42.633 [restartedMain] INFO  o.s.c.s.PostProcessorRegistrationDelegate$BeanPostProcessorChecker - Bean 'org.springframework.transaction.annotation.ProxyTransactionManagementConfiguration' of type [org.springframework.transaction.annotation.ProxyTransactionManagementConfiguration$$EnhancerBySpringCGLIB$$78ec873] is not eligible for getting processed by all BeanPostProcessors (for example: not eligible for auto-proxying)
2018-10-18 18:15:43.218 [restartedMain] INFO  o.s.boot.web.embedded.tomcat.TomcatWebServer - Tomcat initialized with port(s): 8888 (http)
2018-10-18 18:15:43.228 [restartedMain] INFO  org.apache.coyote.http11.Http11NioProtocol - Initializing ProtocolHandler ["http-nio-8888"]
2018-10-18 18:15:43.233 [restartedMain] INFO  org.apache.catalina.core.StandardService - Starting service [Tomcat]
2018-10-18 18:15:43.234 [restartedMain] INFO  org.apache.catalina.core.StandardEngine - Starting Servlet Engine: Apache Tomcat/9.0.12
2018-10-18 18:15:43.237 [restartedMain] INFO  org.apache.catalina.core.AprLifecycleListener - The APR based Apache Tomcat Native library which allows optimal performance in production environments was not found on the java.library.path: [/usr/java/packages/lib/amd64:/usr/lib64:/lib64:/lib:/usr/lib]
2018-10-18 18:15:43.294 [restartedMain] INFO  o.a.c.core.ContainerBase.[Tomcat].[localhost].[/] - Initializing Spring embedded WebApplicationContext
2018-10-18 18:15:43.294 [restartedMain] INFO  org.springframework.web.context.ContextLoader - Root WebApplicationContext: initialization completed in 2117 ms
2018-10-18 18:15:43.331 [restartedMain] INFO  o.s.boot.web.servlet.ServletRegistrationBean - Servlet dispatcherServlet mapped to [/]
2018-10-18 18:15:43.334 [restartedMain] INFO  o.s.boot.web.servlet.FilterRegistrationBean - Mapping filter: 'characterEncodingFilter' to: [/*]
2018-10-18 18:15:43.334 [restartedMain] INFO  o.s.boot.web.servlet.FilterRegistrationBean - Mapping filter: 'hiddenHttpMethodFilter' to: [/*]
2018-10-18 18:15:43.334 [restartedMain] INFO  o.s.boot.web.servlet.FilterRegistrationBean - Mapping filter: 'formContentFilter' to: [/*]
2018-10-18 18:15:43.335 [restartedMain] INFO  o.s.boot.web.servlet.FilterRegistrationBean - Mapping filter: 'requestContextFilter' to: [/*]
2018-10-18 18:15:43.633 [restartedMain] WARN  o.s.b.w.s.c.AnnotationConfigServletWebServerApplicationContext - Exception encountered during context initialization - cancelling refresh attempt: org.springframework.beans.factory.UnsatisfiedDependencyException: Error creating bean with name 'apiDocumentationScanner' defined in URL [jar:file:/home/felix/.m2/repository/io/springfox/springfox-spring-web/2.7.0/springfox-spring-web-2.7.0.jar!/springfox/documentation/spring/web/scanners/ApiDocumentationScanner.class]: Unsatisfied dependency expressed through constructor parameter 1; nested exception is org.springframework.beans.factory.UnsatisfiedDependencyException: Error creating bean with name 'apiListingScanner' defined in URL [jar:file:/home/felix/.m2/repository/io/springfox/springfox-spring-web/2.7.0/springfox-spring-web-2.7.0.jar!/springfox/documentation/spring/web/scanners/ApiListingScanner.class]: Unsatisfied dependency expressed through constructor parameter 1; nested exception is org.springframework.beans.factory.UnsatisfiedDependencyException: Error creating bean with name 'apiModelReader' defined in URL [jar:file:/home/felix/.m2/repository/io/springfox/springfox-spring-web/2.7.0/springfox-spring-web-2.7.0.jar!/springfox/documentation/spring/web/scanners/ApiModelReader.class]: Unsatisfied dependency expressed through constructor parameter 0; nested exception is org.springframework.beans.factory.UnsatisfiedDependencyException: Error creating bean with name 'cachingModelProvider' defined in URL [jar:file:/home/felix/.m2/repository/io/springfox/springfox-schema/2.7.0/springfox-schema-2.7.0.jar!/springfox/documentation/schema/CachingModelProvider.class]: Unsatisfied dependency expressed through constructor parameter 0; nested exception is org.springframework.beans.factory.UnsatisfiedDependencyException: Error creating bean with name 'defaultModelProvider' defined in URL [jar:file:/home/felix/.m2/repository/io/springfox/springfox-schema/2.7.0/springfox-schema-2.7.0.jar!/springfox/documentation/schema/DefaultModelProvider.class]: Unsatisfied dependency expressed through constructor parameter 1; nested exception is org.springframework.beans.factory.UnsatisfiedDependencyException: Error creating bean with name 'cachingModelPropertiesProvider' defined in URL [jar:file:/home/felix/.m2/repository/io/springfox/springfox-schema/2.7.0/springfox-schema-2.7.0.jar!/springfox/documentation/schema/property/CachingModelPropertiesProvider.class]: Unsatisfied dependency expressed through constructor parameter 1; nested exception is org.springframework.beans.factory.UnsatisfiedDependencyException: Error creating bean with name 'optimized' defined in URL [jar:file:/home/felix/.m2/repository/io/springfox/springfox-schema/2.7.0/springfox-schema-2.7.0.jar!/springfox/documentation/schema/property/OptimizedModelPropertiesProvider.class]: Unsatisfied dependency expressed through constructor parameter 5; nested exception is org.springframework.beans.factory.UnsatisfiedDependencyException: Error creating bean with name 'schemaPluginsManager' defined in URL [jar:file:/home/felix/.m2/repository/io/springfox/springfox-schema/2.7.0/springfox-schema-2.7.0.jar!/springfox/documentation/schema/plugins/SchemaPluginsManager.class]: Unsatisfied dependency expressed through constructor parameter 0; nested exception is org.springframework.beans.factory.BeanCreationException: Error creating bean with name 'modelPropertyBuilderPluginRegistry': Invocation of init method failed; nested exception is java.lang.IllegalArgumentException: [Assertion failed] - this argument is required; it must not be null
2018-10-18 18:15:43.635 [restartedMain] INFO  org.apache.catalina.core.StandardService - Stopping service [Tomcat]
2018-10-18 18:15:43.654 [restartedMain] INFO  o.s.b.a.l.ConditionEvaluationReportLoggingListener - 

Error starting ApplicationContext. To display the conditions report re-run your application with 'debug' enabled.
2018-10-18 18:15:43.665 [restartedMain] ERROR org.springframework.boot.SpringApplication - Application run failed
org.springframework.beans.factory.UnsatisfiedDependencyException: Error creating bean with name 'apiDocumentationScanner' defined in URL [jar:file:/home/felix/.m2/repository/io/springfox/springfox-spring-web/2.7.0/springfox-spring-web-2.7.0.jar!/springfox/documentation/spring/web/scanners/ApiDocumentationScanner.class]: Unsatisfied dependency expressed through constructor parameter 1; nested exception is org.springframework.beans.factory.UnsatisfiedDependencyException: Error creating bean with name 'apiListingScanner' defined in URL [jar:file:/home/felix/.m2/repository/io/springfox/springfox-spring-web/2.7.0/springfox-spring-web-2.7.0.jar!/springfox/documentation/spring/web/scanners/ApiListingScanner.class]: Unsatisfied dependency expressed through constructor parameter 1; nested exception is org.springframework.beans.factory.UnsatisfiedDependencyException: Error creating bean with name 'apiModelReader' defined in URL [jar:file:/home/felix/.m2/repository/io/springfox/springfox-spring-web/2.7.0/springfox-spring-web-2.7.0.jar!/springfox/documentation/spring/web/scanners/ApiModelReader.class]: Unsatisfied dependency expressed through constructor parameter 0; nested exception is org.springframework.beans.factory.UnsatisfiedDependencyException: Error creating bean with name 'cachingModelProvider' defined in URL [jar:file:/home/felix/.m2/repository/io/springfox/springfox-schema/2.7.0/springfox-schema-2.7.0.jar!/springfox/documentation/schema/CachingModelProvider.class]: Unsatisfied dependency expressed through constructor parameter 0; nested exception is org.springframework.beans.factory.UnsatisfiedDependencyException: Error creating bean with name 'defaultModelProvider' defined in URL [jar:file:/home/felix/.m2/repository/io/springfox/springfox-schema/2.7.0/springfox-schema-2.7.0.jar!/springfox/documentation/schema/DefaultModelProvider.class]: Unsatisfied dependency expressed through constructor parameter 1; nested exception is org.springframework.beans.factory.UnsatisfiedDependencyException: Error creating bean with name 'cachingModelPropertiesProvider' defined in URL [jar:file:/home/felix/.m2/repository/io/springfox/springfox-schema/2.7.0/springfox-schema-2.7.0.jar!/springfox/documentation/schema/property/CachingModelPropertiesProvider.class]: Unsatisfied dependency expressed through constructor parameter 1; nested exception is org.springframework.beans.factory.UnsatisfiedDependencyException: Error creating bean with name 'optimized' defined in URL [jar:file:/home/felix/.m2/repository/io/springfox/springfox-schema/2.7.0/springfox-schema-2.7.0.jar!/springfox/documentation/schema/property/OptimizedModelPropertiesProvider.class]: Unsatisfied dependency expressed through constructor parameter 5; nested exception is org.springframework.beans.factory.UnsatisfiedDependencyException: Error creating bean with name 'schemaPluginsManager' defined in URL [jar:file:/home/felix/.m2/repository/io/springfox/springfox-schema/2.7.0/springfox-schema-2.7.0.jar!/springfox/documentation/schema/plugins/SchemaPluginsManager.class]: Unsatisfied dependency expressed through constructor parameter 0; nested exception is org.springframework.beans.factory.BeanCreationException: Error creating bean with name 'modelPropertyBuilderPluginRegistry': Invocation of init method failed; nested exception is java.lang.IllegalArgumentException: [Assertion failed] - this argument is required; it must not be null
	at org.springframework.beans.factory.support.ConstructorResolver.createArgumentArray(ConstructorResolver.java:767)
	at org.springframework.beans.factory.support.ConstructorResolver.autowireConstructor(ConstructorResolver.java:218)
	at org.springframework.beans.factory.support.AbstractAutowireCapableBeanFactory.autowireConstructor(AbstractAutowireCapableBeanFactory.java:1307)
	at org.springframework.beans.factory.support.AbstractAutowireCapableBeanFactory.createBeanInstance(AbstractAutowireCapableBeanFactory.java:1153)
	at org.springframework.beans.factory.support.AbstractAutowireCapableBeanFactory.doCreateBean(AbstractAutowireCapableBeanFactory.java:538)
	at org.springframework.beans.factory.support.AbstractAutowireCapableBeanFactory.createBean(AbstractAutowireCapableBeanFactory.java:498)
	at org.springframework.beans.factory.support.AbstractBeanFactory.lambda$doGetBean$0(AbstractBeanFactory.java:320)
	at org.springframework.beans.factory.support.DefaultSingletonBeanRegistry.getSingleton(DefaultSingletonBeanRegistry.java:222)
	at org.springframework.beans.factory.support.AbstractBeanFactory.doGetBean(AbstractBeanFactory.java:318)
	at org.springframework.beans.factory.support.AbstractBeanFactory.getBean(AbstractBeanFactory.java:199)
	at org.springframework.beans.factory.support.DefaultListableBeanFactory.preInstantiateSingletons(DefaultListableBeanFactory.java:848)
	at org.springframework.context.support.AbstractApplicationContext.finishBeanFactoryInitialization(AbstractApplicationContext.java:865)
	at org.springframework.context.support.AbstractApplicationContext.refresh(AbstractApplicationContext.java:548)
	at org.springframework.boot.web.servlet.context.ServletWebServerApplicationContext.refresh(ServletWebServerApplicationContext.java:140)
	at org.springframework.boot.SpringApplication.refresh(SpringApplication.java:797)
	at org.springframework.boot.SpringApplication.refreshContext(SpringApplication.java:421)
	at org.springframework.boot.SpringApplication.run(SpringApplication.java:340)
	at org.springframework.boot.SpringApplication.run(SpringApplication.java:1291)
	at org.springframework.boot.SpringApplication.run(SpringApplication.java:1279)
	at com.felix.springbootdemo.SpringBootDemoApplication.main(SpringBootDemoApplication.java:18)
	at sun.reflect.NativeMethodAccessorImpl.invoke0(Native Method)
	at sun.reflect.NativeMethodAccessorImpl.invoke(NativeMethodAccessorImpl.java:62)
	at sun.reflect.DelegatingMethodAccessorImpl.invoke(DelegatingMethodAccessorImpl.java:43)
	at java.lang.reflect.Method.invoke(Method.java:498)
	at org.springframework.boot.devtools.restart.RestartLauncher.run(RestartLauncher.java:49)
Caused by: org.springframework.beans.factory.UnsatisfiedDependencyException: Error creating bean with name 'apiListingScanner' defined in URL [jar:file:/home/felix/.m2/repository/io/springfox/springfox-spring-web/2.7.0/springfox-spring-web-2.7.0.jar!/springfox/documentation/spring/web/scanners/ApiListingScanner.class]: Unsatisfied dependency expressed through constructor parameter 1; nested exception is org.springframework.beans.factory.UnsatisfiedDependencyException: Error creating bean with name 'apiModelReader' defined in URL [jar:file:/home/felix/.m2/repository/io/springfox/springfox-spring-web/2.7.0/springfox-spring-web-2.7.0.jar!/springfox/documentation/spring/web/scanners/ApiModelReader.class]: Unsatisfied dependency expressed through constructor parameter 0; nested exception is org.springframework.beans.factory.UnsatisfiedDependencyException: Error creating bean with name 'cachingModelProvider' defined in URL [jar:file:/home/felix/.m2/repository/io/springfox/springfox-schema/2.7.0/springfox-schema-2.7.0.jar!/springfox/documentation/schema/CachingModelProvider.class]: Unsatisfied dependency expressed through constructor parameter 0; nested exception is org.springframework.beans.factory.UnsatisfiedDependencyException: Error creating bean with name 'defaultModelProvider' defined in URL [jar:file:/home/felix/.m2/repository/io/springfox/springfox-schema/2.7.0/springfox-schema-2.7.0.jar!/springfox/documentation/schema/DefaultModelProvider.class]: Unsatisfied dependency expressed through constructor parameter 1; nested exception is org.springframework.beans.factory.UnsatisfiedDependencyException: Error creating bean with name 'cachingModelPropertiesProvider' defined in URL [jar:file:/home/felix/.m2/repository/io/springfox/springfox-schema/2.7.0/springfox-schema-2.7.0.jar!/springfox/documentation/schema/property/CachingModelPropertiesProvider.class]: Unsatisfied dependency expressed through constructor parameter 1; nested exception is org.springframework.beans.factory.UnsatisfiedDependencyException: Error creating bean with name 'optimized' defined in URL [jar:file:/home/felix/.m2/repository/io/springfox/springfox-schema/2.7.0/springfox-schema-2.7.0.jar!/springfox/documentation/schema/property/OptimizedModelPropertiesProvider.class]: Unsatisfied dependency expressed through constructor parameter 5; nested exception is org.springframework.beans.factory.UnsatisfiedDependencyException: Error creating bean with name 'schemaPluginsManager' defined in URL [jar:file:/home/felix/.m2/repository/io/springfox/springfox-schema/2.7.0/springfox-schema-2.7.0.jar!/springfox/documentation/schema/plugins/SchemaPluginsManager.class]: Unsatisfied dependency expressed through constructor parameter 0; nested exception is org.springframework.beans.factory.BeanCreationException: Error creating bean with name 'modelPropertyBuilderPluginRegistry': Invocation of init method failed; nested exception is java.lang.IllegalArgumentException: [Assertion failed] - this argument is required; it must not be null
	at org.springframework.beans.factory.support.ConstructorResolver.createArgumentArray(ConstructorResolver.java:767)
	at org.springframework.beans.factory.support.ConstructorResolver.autowireConstructor(ConstructorResolver.java:218)
	at org.springframework.beans.factory.support.AbstractAutowireCapableBeanFactory.autowireConstructor(AbstractAutowireCapableBeanFactory.java:1307)
	at org.springframework.beans.factory.support.AbstractAutowireCapableBeanFactory.createBeanInstance(AbstractAutowireCapableBeanFactory.java:1153)
	at org.springframework.beans.factory.support.AbstractAutowireCapableBeanFactory.doCreateBean(AbstractAutowireCapableBeanFactory.java:538)
	at org.springframework.beans.factory.support.AbstractAutowireCapableBeanFactory.createBean(AbstractAutowireCapableBeanFactory.java:498)
	at org.springframework.beans.factory.support.AbstractBeanFactory.lambda$doGetBean$0(AbstractBeanFactory.java:320)
	at org.springframework.beans.factory.support.DefaultSingletonBeanRegistry.getSingleton(DefaultSingletonBeanRegistry.java:222)
	at org.springframework.beans.factory.support.AbstractBeanFactory.doGetBean(AbstractBeanFactory.java:318)
	at org.springframework.beans.factory.support.AbstractBeanFactory.getBean(AbstractBeanFactory.java:199)
	at org.springframework.beans.factory.config.DependencyDescriptor.resolveCandidate(DependencyDescriptor.java:273)
	at org.springframework.beans.factory.support.DefaultListableBeanFactory.doResolveDependency(DefaultListableBeanFactory.java:1241)
	at org.springframework.beans.factory.support.DefaultListableBeanFactory.resolveDependency(DefaultListableBeanFactory.java:1168)
	at org.springframework.beans.factory.support.ConstructorResolver.resolveAutowiredArgument(ConstructorResolver.java:855)
	at org.springframework.beans.factory.support.ConstructorResolver.createArgumentArray(ConstructorResolver.java:758)
	... 24 common frames omitted
Caused by: org.springframework.beans.factory.UnsatisfiedDependencyException: Error creating bean with name 'apiModelReader' defined in URL [jar:file:/home/felix/.m2/repository/io/springfox/springfox-spring-web/2.7.0/springfox-spring-web-2.7.0.jar!/springfox/documentation/spring/web/scanners/ApiModelReader.class]: Unsatisfied dependency expressed through constructor parameter 0; nested exception is org.springframework.beans.factory.UnsatisfiedDependencyException: Error creating bean with name 'cachingModelProvider' defined in URL [jar:file:/home/felix/.m2/repository/io/springfox/springfox-schema/2.7.0/springfox-schema-2.7.0.jar!/springfox/documentation/schema/CachingModelProvider.class]: Unsatisfied dependency expressed through constructor parameter 0; nested exception is org.springframework.beans.factory.UnsatisfiedDependencyException: Error creating bean with name 'defaultModelProvider' defined in URL [jar:file:/home/felix/.m2/repository/io/springfox/springfox-schema/2.7.0/springfox-schema-2.7.0.jar!/springfox/documentation/schema/DefaultModelProvider.class]: Unsatisfied dependency expressed through constructor parameter 1; nested exception is org.springframework.beans.factory.UnsatisfiedDependencyException: Error creating bean with name 'cachingModelPropertiesProvider' defined in URL [jar:file:/home/felix/.m2/repository/io/springfox/springfox-schema/2.7.0/springfox-schema-2.7.0.jar!/springfox/documentation/schema/property/CachingModelPropertiesProvider.class]: Unsatisfied dependency expressed through constructor parameter 1; nested exception is org.springframework.beans.factory.UnsatisfiedDependencyException: Error creating bean with name 'optimized' defined in URL [jar:file:/home/felix/.m2/repository/io/springfox/springfox-schema/2.7.0/springfox-schema-2.7.0.jar!/springfox/documentation/schema/property/OptimizedModelPropertiesProvider.class]: Unsatisfied dependency expressed through constructor parameter 5; nested exception is org.springframework.beans.factory.UnsatisfiedDependencyException: Error creating bean with name 'schemaPluginsManager' defined in URL [jar:file:/home/felix/.m2/repository/io/springfox/springfox-schema/2.7.0/springfox-schema-2.7.0.jar!/springfox/documentation/schema/plugins/SchemaPluginsManager.class]: Unsatisfied dependency expressed through constructor parameter 0; nested exception is org.springframework.beans.factory.BeanCreationException: Error creating bean with name 'modelPropertyBuilderPluginRegistry': Invocation of init method failed; nested exception is java.lang.IllegalArgumentException: [Assertion failed] - this argument is required; it must not be null
	at org.springframework.beans.factory.support.ConstructorResolver.createArgumentArray(ConstructorResolver.java:767)
	at org.springframework.beans.factory.support.ConstructorResolver.autowireConstructor(ConstructorResolver.java:218)
	at org.springframework.beans.factory.support.AbstractAutowireCapableBeanFactory.autowireConstructor(AbstractAutowireCapableBeanFactory.java:1307)
	at org.springframework.beans.factory.support.AbstractAutowireCapableBeanFactory.createBeanInstance(AbstractAutowireCapableBeanFactory.java:1153)
	at org.springframework.beans.factory.support.AbstractAutowireCapableBeanFactory.doCreateBean(AbstractAutowireCapableBeanFactory.java:538)
	at org.springframework.beans.factory.support.AbstractAutowireCapableBeanFactory.createBean(AbstractAutowireCapableBeanFactory.java:498)
	at org.springframework.beans.factory.support.AbstractBeanFactory.lambda$doGetBean$0(AbstractBeanFactory.java:320)
	at org.springframework.beans.factory.support.DefaultSingletonBeanRegistry.getSingleton(DefaultSingletonBeanRegistry.java:222)
	at org.springframework.beans.factory.support.AbstractBeanFactory.doGetBean(AbstractBeanFactory.java:318)
	at org.springframework.beans.factory.support.AbstractBeanFactory.getBean(AbstractBeanFactory.java:199)
	at org.springframework.beans.factory.config.DependencyDescriptor.resolveCandidate(DependencyDescriptor.java:273)
	at org.springframework.beans.factory.support.DefaultListableBeanFactory.doResolveDependency(DefaultListableBeanFactory.java:1241)
	at org.springframework.beans.factory.support.DefaultListableBeanFactory.resolveDependency(DefaultListableBeanFactory.java:1168)
	at org.springframework.beans.factory.support.ConstructorResolver.resolveAutowiredArgument(ConstructorResolver.java:855)
	at org.springframework.beans.factory.support.ConstructorResolver.createArgumentArray(ConstructorResolver.java:758)
	... 38 common frames omitted
Caused by: org.springframework.beans.factory.UnsatisfiedDependencyException: Error creating bean with name 'cachingModelProvider' defined in URL [jar:file:/home/felix/.m2/repository/io/springfox/springfox-schema/2.7.0/springfox-schema-2.7.0.jar!/springfox/documentation/schema/CachingModelProvider.class]: Unsatisfied dependency expressed through constructor parameter 0; nested exception is org.springframework.beans.factory.UnsatisfiedDependencyException: Error creating bean with name 'defaultModelProvider' defined in URL [jar:file:/home/felix/.m2/repository/io/springfox/springfox-schema/2.7.0/springfox-schema-2.7.0.jar!/springfox/documentation/schema/DefaultModelProvider.class]: Unsatisfied dependency expressed through constructor parameter 1; nested exception is org.springframework.beans.factory.UnsatisfiedDependencyException: Error creating bean with name 'cachingModelPropertiesProvider' defined in URL [jar:file:/home/felix/.m2/repository/io/springfox/springfox-schema/2.7.0/springfox-schema-2.7.0.jar!/springfox/documentation/schema/property/CachingModelPropertiesProvider.class]: Unsatisfied dependency expressed through constructor parameter 1; nested exception is org.springframework.beans.factory.UnsatisfiedDependencyException: Error creating bean with name 'optimized' defined in URL [jar:file:/home/felix/.m2/repository/io/springfox/springfox-schema/2.7.0/springfox-schema-2.7.0.jar!/springfox/documentation/schema/property/OptimizedModelPropertiesProvider.class]: Unsatisfied dependency expressed through constructor parameter 5; nested exception is org.springframework.beans.factory.UnsatisfiedDependencyException: Error creating bean with name 'schemaPluginsManager' defined in URL [jar:file:/home/felix/.m2/repository/io/springfox/springfox-schema/2.7.0/springfox-schema-2.7.0.jar!/springfox/documentation/schema/plugins/SchemaPluginsManager.class]: Unsatisfied dependency expressed through constructor parameter 0; nested exception is org.springframework.beans.factory.BeanCreationException: Error creating bean with name 'modelPropertyBuilderPluginRegistry': Invocation of init method failed; nested exception is java.lang.IllegalArgumentException: [Assertion failed] - this argument is required; it must not be null
	at org.springframework.beans.factory.support.ConstructorResolver.createArgumentArray(ConstructorResolver.java:767)
	at org.springframework.beans.factory.support.ConstructorResolver.autowireConstructor(ConstructorResolver.java:218)
	at org.springframework.beans.factory.support.AbstractAutowireCapableBeanFactory.autowireConstructor(AbstractAutowireCapableBeanFactory.java:1307)
	at org.springframework.beans.factory.support.AbstractAutowireCapableBeanFactory.createBeanInstance(AbstractAutowireCapableBeanFactory.java:1153)
	at org.springframework.beans.factory.support.AbstractAutowireCapableBeanFactory.doCreateBean(AbstractAutowireCapableBeanFactory.java:538)
	at org.springframework.beans.factory.support.AbstractAutowireCapableBeanFactory.createBean(AbstractAutowireCapableBeanFactory.java:498)
	at org.springframework.beans.factory.support.AbstractBeanFactory.lambda$doGetBean$0(AbstractBeanFactory.java:320)
	at org.springframework.beans.factory.support.DefaultSingletonBeanRegistry.getSingleton(DefaultSingletonBeanRegistry.java:222)
	at org.springframework.beans.factory.support.AbstractBeanFactory.doGetBean(AbstractBeanFactory.java:318)
	at org.springframework.beans.factory.support.AbstractBeanFactory.getBean(AbstractBeanFactory.java:199)
	at org.springframework.beans.factory.config.DependencyDescriptor.resolveCandidate(DependencyDescriptor.java:273)
	at org.springframework.beans.factory.support.DefaultListableBeanFactory.doResolveDependency(DefaultListableBeanFactory.java:1241)
	at org.springframework.beans.factory.support.DefaultListableBeanFactory.resolveDependency(DefaultListableBeanFactory.java:1168)
	at org.springframework.beans.factory.support.ConstructorResolver.resolveAutowiredArgument(ConstructorResolver.java:855)
	at org.springframework.beans.factory.support.ConstructorResolver.createArgumentArray(ConstructorResolver.java:758)
	... 52 common frames omitted
Caused by: org.springframework.beans.factory.UnsatisfiedDependencyException: Error creating bean with name 'defaultModelProvider' defined in URL [jar:file:/home/felix/.m2/repository/io/springfox/springfox-schema/2.7.0/springfox-schema-2.7.0.jar!/springfox/documentation/schema/DefaultModelProvider.class]: Unsatisfied dependency expressed through constructor parameter 1; nested exception is org.springframework.beans.factory.UnsatisfiedDependencyException: Error creating bean with name 'cachingModelPropertiesProvider' defined in URL [jar:file:/home/felix/.m2/repository/io/springfox/springfox-schema/2.7.0/springfox-schema-2.7.0.jar!/springfox/documentation/schema/property/CachingModelPropertiesProvider.class]: Unsatisfied dependency expressed through constructor parameter 1; nested exception is org.springframework.beans.factory.UnsatisfiedDependencyException: Error creating bean with name 'optimized' defined in URL [jar:file:/home/felix/.m2/repository/io/springfox/springfox-schema/2.7.0/springfox-schema-2.7.0.jar!/springfox/documentation/schema/property/OptimizedModelPropertiesProvider.class]: Unsatisfied dependency expressed through constructor parameter 5; nested exception is org.springframework.beans.factory.UnsatisfiedDependencyException: Error creating bean with name 'schemaPluginsManager' defined in URL [jar:file:/home/felix/.m2/repository/io/springfox/springfox-schema/2.7.0/springfox-schema-2.7.0.jar!/springfox/documentation/schema/plugins/SchemaPluginsManager.class]: Unsatisfied dependency expressed through constructor parameter 0; nested exception is org.springframework.beans.factory.BeanCreationException: Error creating bean with name 'modelPropertyBuilderPluginRegistry': Invocation of init method failed; nested exception is java.lang.IllegalArgumentException: [Assertion failed] - this argument is required; it must not be null
	at org.springframework.beans.factory.support.ConstructorResolver.createArgumentArray(ConstructorResolver.java:767)
	at org.springframework.beans.factory.support.ConstructorResolver.autowireConstructor(ConstructorResolver.java:218)
	at org.springframework.beans.factory.support.AbstractAutowireCapableBeanFactory.autowireConstructor(AbstractAutowireCapableBeanFactory.java:1307)
	at org.springframework.beans.factory.support.AbstractAutowireCapableBeanFactory.createBeanInstance(AbstractAutowireCapableBeanFactory.java:1153)
	at org.springframework.beans.factory.support.AbstractAutowireCapableBeanFactory.doCreateBean(AbstractAutowireCapableBeanFactory.java:538)
	at org.springframework.beans.factory.support.AbstractAutowireCapableBeanFactory.createBean(AbstractAutowireCapableBeanFactory.java:498)
	at org.springframework.beans.factory.support.AbstractBeanFactory.lambda$doGetBean$0(AbstractBeanFactory.java:320)
	at org.springframework.beans.factory.support.DefaultSingletonBeanRegistry.getSingleton(DefaultSingletonBeanRegistry.java:222)
	at org.springframework.beans.factory.support.AbstractBeanFactory.doGetBean(AbstractBeanFactory.java:318)
	at org.springframework.beans.factory.support.AbstractBeanFactory.getBean(AbstractBeanFactory.java:199)
	at org.springframework.beans.factory.config.DependencyDescriptor.resolveCandidate(DependencyDescriptor.java:273)
	at org.springframework.beans.factory.support.DefaultListableBeanFactory.doResolveDependency(DefaultListableBeanFactory.java:1241)
	at org.springframework.beans.factory.support.DefaultListableBeanFactory.resolveDependency(DefaultListableBeanFactory.java:1168)
	at org.springframework.beans.factory.support.ConstructorResolver.resolveAutowiredArgument(ConstructorResolver.java:855)
	at org.springframework.beans.factory.support.ConstructorResolver.createArgumentArray(ConstructorResolver.java:758)
	... 66 common frames omitted
Caused by: org.springframework.beans.factory.UnsatisfiedDependencyException: Error creating bean with name 'cachingModelPropertiesProvider' defined in URL [jar:file:/home/felix/.m2/repository/io/springfox/springfox-schema/2.7.0/springfox-schema-2.7.0.jar!/springfox/documentation/schema/property/CachingModelPropertiesProvider.class]: Unsatisfied dependency expressed through constructor parameter 1; nested exception is org.springframework.beans.factory.UnsatisfiedDependencyException: Error creating bean with name 'optimized' defined in URL [jar:file:/home/felix/.m2/repository/io/springfox/springfox-schema/2.7.0/springfox-schema-2.7.0.jar!/springfox/documentation/schema/property/OptimizedModelPropertiesProvider.class]: Unsatisfied dependency expressed through constructor parameter 5; nested exception is org.springframework.beans.factory.UnsatisfiedDependencyException: Error creating bean with name 'schemaPluginsManager' defined in URL [jar:file:/home/felix/.m2/repository/io/springfox/springfox-schema/2.7.0/springfox-schema-2.7.0.jar!/springfox/documentation/schema/plugins/SchemaPluginsManager.class]: Unsatisfied dependency expressed through constructor parameter 0; nested exception is org.springframework.beans.factory.BeanCreationException: Error creating bean with name 'modelPropertyBuilderPluginRegistry': Invocation of init method failed; nested exception is java.lang.IllegalArgumentException: [Assertion failed] - this argument is required; it must not be null
	at org.springframework.beans.factory.support.ConstructorResolver.createArgumentArray(ConstructorResolver.java:767)
	at org.springframework.beans.factory.support.ConstructorResolver.autowireConstructor(ConstructorResolver.java:218)
	at org.springframework.beans.factory.support.AbstractAutowireCapableBeanFactory.autowireConstructor(AbstractAutowireCapableBeanFactory.java:1307)
	at org.springframework.beans.factory.support.AbstractAutowireCapableBeanFactory.createBeanInstance(AbstractAutowireCapableBeanFactory.java:1153)
	at org.springframework.beans.factory.support.AbstractAutowireCapableBeanFactory.doCreateBean(AbstractAutowireCapableBeanFactory.java:538)
	at org.springframework.beans.factory.support.AbstractAutowireCapableBeanFactory.createBean(AbstractAutowireCapableBeanFactory.java:498)
	at org.springframework.beans.factory.support.AbstractBeanFactory.lambda$doGetBean$0(AbstractBeanFactory.java:320)
	at org.springframework.beans.factory.support.DefaultSingletonBeanRegistry.getSingleton(DefaultSingletonBeanRegistry.java:222)
	at org.springframework.beans.factory.support.AbstractBeanFactory.doGetBean(AbstractBeanFactory.java:318)
	at org.springframework.beans.factory.support.AbstractBeanFactory.getBean(AbstractBeanFactory.java:199)
	at org.springframework.beans.factory.config.DependencyDescriptor.resolveCandidate(DependencyDescriptor.java:273)
	at org.springframework.beans.factory.support.DefaultListableBeanFactory.doResolveDependency(DefaultListableBeanFactory.java:1241)
	at org.springframework.beans.factory.support.DefaultListableBeanFactory.resolveDependency(DefaultListableBeanFactory.java:1168)
	at org.springframework.beans.factory.support.ConstructorResolver.resolveAutowiredArgument(ConstructorResolver.java:855)
	at org.springframework.beans.factory.support.ConstructorResolver.createArgumentArray(ConstructorResolver.java:758)
	... 80 common frames omitted
Caused by: org.springframework.beans.factory.UnsatisfiedDependencyException: Error creating bean with name 'optimized' defined in URL [jar:file:/home/felix/.m2/repository/io/springfox/springfox-schema/2.7.0/springfox-schema-2.7.0.jar!/springfox/documentation/schema/property/OptimizedModelPropertiesProvider.class]: Unsatisfied dependency expressed through constructor parameter 5; nested exception is org.springframework.beans.factory.UnsatisfiedDependencyException: Error creating bean with name 'schemaPluginsManager' defined in URL [jar:file:/home/felix/.m2/repository/io/springfox/springfox-schema/2.7.0/springfox-schema-2.7.0.jar!/springfox/documentation/schema/plugins/SchemaPluginsManager.class]: Unsatisfied dependency expressed through constructor parameter 0; nested exception is org.springframework.beans.factory.BeanCreationException: Error creating bean with name 'modelPropertyBuilderPluginRegistry': Invocation of init method failed; nested exception is java.lang.IllegalArgumentException: [Assertion failed] - this argument is required; it must not be null
	at org.springframework.beans.factory.support.ConstructorResolver.createArgumentArray(ConstructorResolver.java:767)
	at org.springframework.beans.factory.support.ConstructorResolver.autowireConstructor(ConstructorResolver.java:218)
	at org.springframework.beans.factory.support.AbstractAutowireCapableBeanFactory.autowireConstructor(AbstractAutowireCapableBeanFactory.java:1307)
	at org.springframework.beans.factory.support.AbstractAutowireCapableBeanFactory.createBeanInstance(AbstractAutowireCapableBeanFactory.java:1153)
	at org.springframework.beans.factory.support.AbstractAutowireCapableBeanFactory.doCreateBean(AbstractAutowireCapableBeanFactory.java:538)
	at org.springframework.beans.factory.support.AbstractAutowireCapableBeanFactory.createBean(AbstractAutowireCapableBeanFactory.java:498)
	at org.springframework.beans.factory.support.AbstractBeanFactory.lambda$doGetBean$0(AbstractBeanFactory.java:320)
	at org.springframework.beans.factory.support.DefaultSingletonBeanRegistry.getSingleton(DefaultSingletonBeanRegistry.java:222)
	at org.springframework.beans.factory.support.AbstractBeanFactory.doGetBean(AbstractBeanFactory.java:318)
	at org.springframework.beans.factory.support.AbstractBeanFactory.getBean(AbstractBeanFactory.java:199)
	at org.springframework.beans.factory.config.DependencyDescriptor.resolveCandidate(DependencyDescriptor.java:273)
	at org.springframework.beans.factory.support.DefaultListableBeanFactory.doResolveDependency(DefaultListableBeanFactory.java:1241)
	at org.springframework.beans.factory.support.DefaultListableBeanFactory.resolveDependency(DefaultListableBeanFactory.java:1168)
	at org.springframework.beans.factory.support.ConstructorResolver.resolveAutowiredArgument(ConstructorResolver.java:855)
	at org.springframework.beans.factory.support.ConstructorResolver.createArgumentArray(ConstructorResolver.java:758)
	... 94 common frames omitted
Caused by: org.springframework.beans.factory.UnsatisfiedDependencyException: Error creating bean with name 'schemaPluginsManager' defined in URL [jar:file:/home/felix/.m2/repository/io/springfox/springfox-schema/2.7.0/springfox-schema-2.7.0.jar!/springfox/documentation/schema/plugins/SchemaPluginsManager.class]: Unsatisfied dependency expressed through constructor parameter 0; nested exception is org.springframework.beans.factory.BeanCreationException: Error creating bean with name 'modelPropertyBuilderPluginRegistry': Invocation of init method failed; nested exception is java.lang.IllegalArgumentException: [Assertion failed] - this argument is required; it must not be null
	at org.springframework.beans.factory.support.ConstructorResolver.createArgumentArray(ConstructorResolver.java:767)
	at org.springframework.beans.factory.support.ConstructorResolver.autowireConstructor(ConstructorResolver.java:218)
	at org.springframework.beans.factory.support.AbstractAutowireCapableBeanFactory.autowireConstructor(AbstractAutowireCapableBeanFactory.java:1307)
	at org.springframework.beans.factory.support.AbstractAutowireCapableBeanFactory.createBeanInstance(AbstractAutowireCapableBeanFactory.java:1153)
	at org.springframework.beans.factory.support.AbstractAutowireCapableBeanFactory.doCreateBean(AbstractAutowireCapableBeanFactory.java:538)
	at org.springframework.beans.factory.support.AbstractAutowireCapableBeanFactory.createBean(AbstractAutowireCapableBeanFactory.java:498)
	at org.springframework.beans.factory.support.AbstractBeanFactory.lambda$doGetBean$0(AbstractBeanFactory.java:320)
	at org.springframework.beans.factory.support.DefaultSingletonBeanRegistry.getSingleton(DefaultSingletonBeanRegistry.java:222)
	at org.springframework.beans.factory.support.AbstractBeanFactory.doGetBean(AbstractBeanFactory.java:318)
	at org.springframework.beans.factory.support.AbstractBeanFactory.getBean(AbstractBeanFactory.java:199)
	at org.springframework.beans.factory.config.DependencyDescriptor.resolveCandidate(DependencyDescriptor.java:273)
	at org.springframework.beans.factory.support.DefaultListableBeanFactory.doResolveDependency(DefaultListableBeanFactory.java:1241)
	at org.springframework.beans.factory.support.DefaultListableBeanFactory.resolveDependency(DefaultListableBeanFactory.java:1168)
	at org.springframework.beans.factory.support.ConstructorResolver.resolveAutowiredArgument(ConstructorResolver.java:855)
	at org.springframework.beans.factory.support.ConstructorResolver.createArgumentArray(ConstructorResolver.java:758)
	... 108 common frames omitted
Caused by: org.springframework.beans.factory.BeanCreationException: Error creating bean with name 'modelPropertyBuilderPluginRegistry': Invocation of init method failed; nested exception is java.lang.IllegalArgumentException: [Assertion failed] - this argument is required; it must not be null
	at org.springframework.beans.factory.support.AbstractAutowireCapableBeanFactory.initializeBean(AbstractAutowireCapableBeanFactory.java:1744)
	at org.springframework.beans.factory.support.AbstractAutowireCapableBeanFactory.doCreateBean(AbstractAutowireCapableBeanFactory.java:576)
	at org.springframework.beans.factory.support.AbstractAutowireCapableBeanFactory.createBean(AbstractAutowireCapableBeanFactory.java:498)
	at org.springframework.beans.factory.support.AbstractBeanFactory.lambda$doGetBean$0(AbstractBeanFactory.java:320)
	at org.springframework.beans.factory.support.DefaultSingletonBeanRegistry.getSingleton(DefaultSingletonBeanRegistry.java:222)
	at org.springframework.beans.factory.support.AbstractBeanFactory.doGetBean(AbstractBeanFactory.java:318)
	at org.springframework.beans.factory.support.AbstractBeanFactory.getBean(AbstractBeanFactory.java:199)
	at org.springframework.beans.factory.config.DependencyDescriptor.resolveCandidate(DependencyDescriptor.java:273)
	at org.springframework.beans.factory.support.DefaultListableBeanFactory.doResolveDependency(DefaultListableBeanFactory.java:1241)
	at org.springframework.beans.factory.support.DefaultListableBeanFactory.resolveDependency(DefaultListableBeanFactory.java:1168)
	at org.springframework.beans.factory.support.ConstructorResolver.resolveAutowiredArgument(ConstructorResolver.java:855)
	at org.springframework.beans.factory.support.ConstructorResolver.createArgumentArray(ConstructorResolver.java:758)
	... 122 common frames omitted
Caused by: java.lang.IllegalArgumentException: [Assertion failed] - this argument is required; it must not be null
	at org.springframework.util.Assert.notNull(Assert.java:198)
	at org.springframework.util.Assert.notNull(Assert.java:225)
	at org.springframework.plugin.core.support.AbstractTypeAwareSupport$BeansOfTypeTargetSource.<init>(AbstractTypeAwareSupport.java:136)
	at org.springframework.plugin.core.support.AbstractTypeAwareSupport.afterPropertiesSet(AbstractTypeAwareSupport.java:92)
	at org.springframework.beans.factory.support.AbstractAutowireCapableBeanFactory.invokeInitMethods(AbstractAutowireCapableBeanFactory.java:1803)
	at org.springframework.beans.factory.support.AbstractAutowireCapableBeanFactory.initializeBean(AbstractAutowireCapableBeanFactory.java:1740)
	... 133 common frames omitted
2018-10-18 18:16:29.402 [restartedMain] INFO  com.felix.springbootdemo.SpringBootDemoApplication - Starting SpringBootDemoApplication on felix with PID 30372 (/home/felix/work/spring-boot-demo/target/classes started by felix in /home/felix/work/spring-boot-demo)
2018-10-18 18:16:29.404 [restartedMain] INFO  com.felix.springbootdemo.SpringBootDemoApplication - The following profiles are active: gs
2018-10-18 18:16:29.488 [restartedMain] INFO  o.s.b.d.env.DevToolsPropertyDefaultsPostProcessor - Devtools property defaults active! Set 'spring.devtools.add-properties' to 'false' to disable
2018-10-18 18:16:29.488 [restartedMain] INFO  o.s.b.d.env.DevToolsPropertyDefaultsPostProcessor - For additional web related logging consider setting the 'logging.level.web' property to 'DEBUG'
2018-10-18 18:16:30.511 [restartedMain] INFO  o.s.d.r.config.RepositoryConfigurationDelegate - Multiple Spring Data modules found, entering strict repository configuration mode!
2018-10-18 18:16:30.514 [restartedMain] INFO  o.s.d.r.config.RepositoryConfigurationDelegate - Bootstrapping Spring Data repositories in DEFAULT mode.
2018-10-18 18:16:30.544 [restartedMain] INFO  o.s.d.r.config.RepositoryConfigurationDelegate - Finished Spring Data repository scanning in 19ms. Found 0 repository interfaces.
2018-10-18 18:16:30.857 [restartedMain] INFO  o.s.c.s.PostProcessorRegistrationDelegate$BeanPostProcessorChecker - Bean 'org.springframework.amqp.rabbit.annotation.RabbitBootstrapConfiguration' of type [org.springframework.amqp.rabbit.annotation.RabbitBootstrapConfiguration$$EnhancerBySpringCGLIB$$1a0bfa39] is not eligible for getting processed by all BeanPostProcessors (for example: not eligible for auto-proxying)
2018-10-18 18:16:30.911 [restartedMain] INFO  o.s.c.s.PostProcessorRegistrationDelegate$BeanPostProcessorChecker - Bean 'org.springframework.transaction.annotation.ProxyTransactionManagementConfiguration' of type [org.springframework.transaction.annotation.ProxyTransactionManagementConfiguration$$EnhancerBySpringCGLIB$$53a03c0b] is not eligible for getting processed by all BeanPostProcessors (for example: not eligible for auto-proxying)
2018-10-18 18:16:31.499 [restartedMain] INFO  o.s.boot.web.embedded.tomcat.TomcatWebServer - Tomcat initialized with port(s): 8888 (http)
2018-10-18 18:16:31.510 [restartedMain] INFO  org.apache.coyote.http11.Http11NioProtocol - Initializing ProtocolHandler ["http-nio-8888"]
2018-10-18 18:16:31.514 [restartedMain] INFO  org.apache.catalina.core.StandardService - Starting service [Tomcat]
2018-10-18 18:16:31.515 [restartedMain] INFO  org.apache.catalina.core.StandardEngine - Starting Servlet Engine: Apache Tomcat/9.0.12
2018-10-18 18:16:31.519 [restartedMain] INFO  org.apache.catalina.core.AprLifecycleListener - The APR based Apache Tomcat Native library which allows optimal performance in production environments was not found on the java.library.path: [/usr/java/packages/lib/amd64:/usr/lib64:/lib64:/lib:/usr/lib]
2018-10-18 18:16:31.579 [restartedMain] INFO  o.a.c.core.ContainerBase.[Tomcat].[localhost].[/] - Initializing Spring embedded WebApplicationContext
2018-10-18 18:16:31.579 [restartedMain] INFO  org.springframework.web.context.ContextLoader - Root WebApplicationContext: initialization completed in 2091 ms
2018-10-18 18:16:31.615 [restartedMain] INFO  o.s.boot.web.servlet.ServletRegistrationBean - Servlet dispatcherServlet mapped to [/]
2018-10-18 18:16:31.619 [restartedMain] INFO  o.s.boot.web.servlet.FilterRegistrationBean - Mapping filter: 'characterEncodingFilter' to: [/*]
2018-10-18 18:16:31.619 [restartedMain] INFO  o.s.boot.web.servlet.FilterRegistrationBean - Mapping filter: 'hiddenHttpMethodFilter' to: [/*]
2018-10-18 18:16:31.619 [restartedMain] INFO  o.s.boot.web.servlet.FilterRegistrationBean - Mapping filter: 'formContentFilter' to: [/*]
2018-10-18 18:16:31.619 [restartedMain] INFO  o.s.boot.web.servlet.FilterRegistrationBean - Mapping filter: 'requestContextFilter' to: [/*]
2018-10-18 18:16:32.529 [restartedMain] INFO  s.d.s.w.PropertySourcedRequestMappingHandlerMapping - Mapped URL path [/v2/api-docs] onto method [public org.springframework.http.ResponseEntity<springfox.documentation.spring.web.json.Json> springfox.documentation.swagger2.web.Swagger2Controller.getDocumentation(java.lang.String,javax.servlet.http.HttpServletRequest)]
2018-10-18 18:16:32.590 [restartedMain] INFO  o.s.scheduling.concurrent.ThreadPoolTaskExecutor - Initializing ExecutorService 'applicationTaskExecutor'
2018-10-18 18:16:32.834 [restartedMain] INFO  o.s.b.d.autoconfigure.OptionalLiveReloadServer - LiveReload server is running on port 35729
2018-10-18 18:16:33.519 [restartedMain] INFO  com.zaxxer.hikari.HikariDataSource - HikariPool-1 - Starting...
2018-10-18 18:16:33.796 [restartedMain] INFO  com.zaxxer.hikari.HikariDataSource - HikariPool-1 - Start completed.
2018-10-18 18:16:34.560 [restartedMain] INFO  org.quartz.impl.StdSchedulerFactory - Using default implementation for ThreadExecutor
2018-10-18 18:16:34.569 [restartedMain] INFO  org.quartz.simpl.SimpleThreadPool - Job execution threads will use class loader of thread: restartedMain
2018-10-18 18:16:34.599 [restartedMain] INFO  org.quartz.core.SchedulerSignalerImpl - Initialized Scheduler Signaller of type: class org.quartz.core.SchedulerSignalerImpl
2018-10-18 18:16:34.600 [restartedMain] INFO  org.quartz.core.QuartzScheduler - Quartz Scheduler v.2.3.0 created.
2018-10-18 18:16:34.617 [restartedMain] INFO  o.s.scheduling.quartz.LocalDataSourceJobStore - Using db table-based data access locking (synchronization).
2018-10-18 18:16:34.624 [restartedMain] INFO  o.s.scheduling.quartz.LocalDataSourceJobStore - JobStoreCMT initialized.
2018-10-18 18:16:34.626 [restartedMain] INFO  org.quartz.core.QuartzScheduler - Scheduler meta-data: Quartz Scheduler (v2.3.0) 'clusteredScheduler' with instanceId 'felix1539857794566'
  Scheduler class: 'org.quartz.core.QuartzScheduler' - running locally.
  NOT STARTED.
  Currently in standby mode.
  Number of jobs executed: 0
  Using thread pool 'org.quartz.simpl.SimpleThreadPool' - with 10 threads.
  Using job-store 'org.springframework.scheduling.quartz.LocalDataSourceJobStore' - which supports persistence. and is clustered.

2018-10-18 18:16:34.627 [restartedMain] INFO  org.quartz.impl.StdSchedulerFactory - Quartz scheduler 'clusteredScheduler' initialized from an externally provided properties instance.
2018-10-18 18:16:34.627 [restartedMain] INFO  org.quartz.impl.StdSchedulerFactory - Quartz scheduler version: 2.3.0
2018-10-18 18:16:34.628 [restartedMain] INFO  org.quartz.core.QuartzScheduler - JobFactory set to: org.springframework.boot.autoconfigure.quartz.AutowireCapableBeanJobFactory@100dd39
2018-10-18 18:16:35.165 [restartedMain] INFO  o.s.scheduling.concurrent.ThreadPoolTaskScheduler - Initializing ExecutorService 'taskScheduler'
2018-10-18 18:16:36.796 [restartedMain] INFO  s.d.s.web.plugins.DocumentationPluginsBootstrapper - Context refreshed
2018-10-18 18:16:36.875 [restartedMain] INFO  s.d.s.web.plugins.DocumentationPluginsBootstrapper - Found 1 custom documentation plugin(s)
2018-10-18 18:16:37.083 [restartedMain] INFO  s.d.spring.web.scanners.ApiListingReferenceScanner - Scanning for api listing references
2018-10-18 18:16:39.799 [restartedMain] INFO  o.s.scheduling.quartz.SchedulerFactoryBean - Starting Quartz Scheduler now
2018-10-18 18:16:39.818 [restartedMain] INFO  o.s.scheduling.quartz.LocalDataSourceJobStore - ClusterManager: detected 1 failed or restarted instances.
2018-10-18 18:16:39.818 [restartedMain] INFO  o.s.scheduling.quartz.LocalDataSourceJobStore - ClusterManager: Scanning for instance "felix1539754315245"'s failed in-progress jobs.
2018-10-18 18:16:39.830 [restartedMain] INFO  o.s.scheduling.quartz.LocalDataSourceJobStore - ClusterManager: ......Cleaned-up 1 other failed job(s).
2018-10-18 18:16:39.834 [restartedMain] INFO  org.quartz.core.QuartzScheduler - Scheduler clusteredScheduler_$_felix1539857794566 started.
2018-10-18 18:16:39.849 [QuartzScheduler_clusteredScheduler-felix1539857794566_MisfireHandler] INFO  o.s.scheduling.quartz.LocalDataSourceJobStore - Handling 1 trigger(s) that missed their scheduled fire-time.
2018-10-18 18:16:39.992 [restartedMain] INFO  org.apache.coyote.http11.Http11NioProtocol - Starting ProtocolHandler ["http-nio-8888"]
2018-10-18 18:16:39.999 [restartedMain] INFO  org.apache.tomcat.util.net.NioSelectorPool - Using a shared selector for servlet write/read
2018-10-18 18:16:40.088 [restartedMain] INFO  o.s.boot.web.embedded.tomcat.TomcatWebServer - Tomcat started on port(s): 8888 (http) with context path ''
2018-10-18 18:16:40.103 [restartedMain] INFO  com.felix.springbootdemo.SpringBootDemoApplication - Started SpringBootDemoApplication in 11.105 seconds (JVM running for 11.734)
2018-10-18 18:18:03.361 [http-nio-8888-exec-1] INFO  o.a.c.core.ContainerBase.[Tomcat].[localhost].[/] - Initializing Spring DispatcherServlet 'dispatcherServlet'
2018-10-18 18:18:03.362 [http-nio-8888-exec-1] INFO  org.springframework.web.servlet.DispatcherServlet - Initializing Servlet 'dispatcherServlet'
2018-10-18 18:18:03.535 [http-nio-8888-exec-1] INFO  org.springframework.web.servlet.DispatcherServlet - Completed initialization in 173 ms
2018-10-18 18:22:39.846 [QuartzScheduler_clusteredScheduler-felix1539857794566_MisfireHandler] INFO  o.s.scheduling.quartz.LocalDataSourceJobStore - Handling 1 trigger(s) that missed their scheduled fire-time.
2018-10-18 18:28:39.840 [QuartzScheduler_clusteredScheduler-felix1539857794566_MisfireHandler] INFO  o.s.scheduling.quartz.LocalDataSourceJobStore - Handling 1 trigger(s) that missed their scheduled fire-time.
2018-10-18 18:29:03.937 [Thread-34] INFO  org.quartz.core.QuartzScheduler - Scheduler clusteredScheduler_$_felix1539857794566 paused.
2018-10-18 18:29:03.961 [Thread-34] INFO  o.s.scheduling.concurrent.ThreadPoolTaskScheduler - Shutting down ExecutorService 'taskScheduler'
2018-10-18 18:29:03.962 [Thread-34] INFO  o.s.scheduling.quartz.SchedulerFactoryBean - Shutting down Quartz Scheduler
2018-10-18 18:29:03.963 [Thread-34] INFO  org.quartz.core.QuartzScheduler - Scheduler clusteredScheduler_$_felix1539857794566 shutting down.
2018-10-18 18:29:03.964 [Thread-34] INFO  org.quartz.core.QuartzScheduler - Scheduler clusteredScheduler_$_felix1539857794566 paused.
2018-10-18 18:29:03.965 [Thread-34] INFO  org.quartz.core.QuartzScheduler - Scheduler clusteredScheduler_$_felix1539857794566 shutdown complete.
2018-10-18 18:29:03.984 [Thread-34] INFO  o.s.scheduling.concurrent.ThreadPoolTaskExecutor - Shutting down ExecutorService 'applicationTaskExecutor'
2018-10-18 18:29:04.071 [Thread-34] INFO  com.zaxxer.hikari.HikariDataSource - HikariPool-1 - Shutdown initiated...
2018-10-18 18:29:04.074 [clusteredScheduler_Worker-8] ERROR org.quartz.simpl.SimpleThreadPool - Error while executing the Runnable: 
java.lang.IllegalStateException: JobStore is shutdown - aborting retry
	at org.quartz.impl.jdbcjobstore.JobStoreSupport.retryExecuteInNonManagedTXLock(JobStoreSupport.java:3818)
	at org.quartz.impl.jdbcjobstore.JobStoreSupport.triggeredJobComplete(JobStoreSupport.java:3101)
	at org.quartz.core.QuartzScheduler.notifyJobStoreJobComplete(QuartzScheduler.java:1780)
	at org.quartz.core.JobRunShell.run(JobRunShell.java:269)
	at org.quartz.simpl.SimpleThreadPool$WorkerThread.run(SimpleThreadPool.java:573)
2018-10-18 18:29:04.084 [Thread-34] INFO  com.zaxxer.hikari.HikariDataSource - HikariPool-1 - Shutdown completed.
